{"/Users/carlos.vazquez/Sites/npmpackages/currency-kometia/src/currency.js":{"path":"/Users/carlos.vazquez/Sites/npmpackages/currency-kometia/src/currency.js","statementMap":{"0":{"start":{"line":1,"column":0},"end":{"line":1,"column":28}},"1":{"start":{"line":4,"column":2},"end":{"line":6,"column":3}},"2":{"start":{"line":5,"column":4},"end":{"line":5,"column":10}},"3":{"start":{"line":7,"column":15},"end":{"line":7,"column":30}},"4":{"start":{"line":8,"column":20},"end":{"line":8,"column":45}},"5":{"start":{"line":9,"column":2},"end":{"line":9,"column":76}},"6":{"start":{"line":10,"column":2},"end":{"line":10,"column":39}}},"fnMap":{"0":{"name":"formatMoney","decl":{"start":{"line":3,"column":9},"end":{"line":3,"column":20}},"loc":{"start":{"line":3,"column":45},"end":{"line":11,"column":1}},"line":3}},"branchMap":{"0":{"loc":{"start":{"line":3,"column":28},"end":{"line":3,"column":43}},"type":"default-arg","locations":[{"start":{"line":3,"column":39},"end":{"line":3,"column":43}}],"line":3},"1":{"loc":{"start":{"line":4,"column":2},"end":{"line":6,"column":3}},"type":"if","locations":[{"start":{"line":4,"column":2},"end":{"line":6,"column":3}},{"start":{"line":4,"column":2},"end":{"line":6,"column":3}}],"line":4},"2":{"loc":{"start":{"line":4,"column":6},"end":{"line":4,"column":41}},"type":"binary-expr","locations":[{"start":{"line":4,"column":6},"end":{"line":4,"column":24}},{"start":{"line":4,"column":28},"end":{"line":4,"column":41}}],"line":4}},"s":{"0":1,"1":5,"2":1,"3":4,"4":4,"5":4,"6":4},"f":{"0":5},"b":{"0":[2],"1":[1,4],"2":[5,4]},"_coverageSchema":"332fd63041d2c1bcb487cc26dd0d5f7d97098a6c","hash":"95eb7ba3d0f3c531f36cd8c0577cd7c6e84cd6f1","contentHash":"b6a4dfac9e176359a37fee4f3f469280_11.8.0"}}